<?xml version="1.0" encoding="UTF-8"?>
<!-- Generated by org.testng.reporters.JUnitReportReporter -->
<testsuite hostname="CNmyjing-2.local" failures="0" tests="4" name="org.example.SeleniumTest4" time="1.291" errors="0" timestamp="2020-05-13T16:25:17 CST" skipped="0">
  <testcase classname="org.example.SeleniumTest4" name="searchSelenium" time="0.342"/>
  <system-out/>
  <testcase classname="org.example.SeleniumTest4" name="searchSelenium" time="0.386"/>
  <system-out/>
  <testcase classname="org.example.SeleniumTest4" name="searchJava" time="0.273"/>
  <system-out/>
  <testcase classname="org.example.SeleniumTest4" name="searchJava" time="0.290"/>
  <system-out/>
</testsuite> <!-- org.example.SeleniumTest4 -->
