<?xml version="1.0" encoding="UTF-8"?>
<!-- Generated by org.testng.reporters.JUnitReportReporter -->
<testsuite hostname="CNmyjing-2.local" failures="0" tests="2" name="org.example.SeleniumTest4" time="1.141" errors="0" timestamp="2020-05-12T14:49:18 CST" skipped="0">
  <testcase classname="org.example.SeleniumTest4" name="searchSelenium" time="0.833"/>
  <system-out/>
  <testcase classname="org.example.SeleniumTest4" name="searchJava" time="0.308"/>
  <system-out/>
</testsuite> <!-- org.example.SeleniumTest4 -->
